<?xml version="1.0" encoding="UTF-8"?>
<testsuite name="LoginTest" tests="1" skipped="0" failures="0" errors="0" timestamp="2023-11-11T06:07:03" hostname="CatherinedeMacBook-Pro-2.local" time="0.002">
  <properties/>
  <testcase name="testLogout" classname="LoginTest" time="0.002"/>
  <system-out><![CDATA[]]></system-out>
  <system-err><![CDATA[]]></system-err>
</testsuite>
